<?xml version="1.0" encoding="UTF-8"?>
<coverage generated="1774302517110" clover="3.2.0">
  <project timestamp="1774302517110" name="All files">
    <metrics statements="17" coveredstatements="17" conditionals="34" coveredconditionals="34" methods="3" coveredmethods="3" elements="54" coveredelements="54" complexity="0" loc="17" ncloc="17" packages="1" files="1" classes="1"/>
    <file name="SubmitButton.tsx" path="/home/celestine/Documents/sam/stellar-raise-contracts/frontend/components/forms/SubmitButton.tsx">
      <metrics statements="17" coveredstatements="17" conditionals="34" coveredconditionals="34" methods="3" coveredmethods="3"/>
      <line num="48" count="1" type="stmt"/>
      <line num="49" count="8" type="stmt"/>
      <line num="71" count="1" type="stmt"/>
      <line num="78" count="1" type="stmt"/>
      <line num="95" count="1" type="stmt"/>
      <line num="107" count="36" type="cond" truecount="3" falsecount="0"/>
      <line num="109" count="36" type="stmt"/>
      <line num="110" count="36" type="cond" truecount="4" falsecount="0"/>
      <line num="112" count="8" type="cond" truecount="4" falsecount="0"/>
      <line num="114" count="6" type="cond" truecount="4" falsecount="0"/>
      <line num="116" count="7" type="cond" truecount="4" falsecount="0"/>
      <line num="118" count="15" type="stmt"/>
      <line num="122" count="36" type="stmt"/>
      <line num="123" count="36" type="cond" truecount="2" falsecount="0"/>
      <line num="124" count="36" type="cond" truecount="2" falsecount="0"/>
      <line num="126" count="36" type="stmt"/>
      <line num="143" count="1" type="stmt"/>
    </file>
  </project>
</coverage>
