{"/home/celestine/Documents/sam/stellar-raise-contracts/frontend/components/forms/SubmitButton.tsx": {"path":"/home/celestine/Documents/sam/stellar-raise-contracts/frontend/components/forms/SubmitButton.tsx","statementMap":{"0":{"start":{"line":48,"column":16},"end":{"line":68,"column":null}},"1":{"start":{"line":49,"column":2},"end":{"line":67,"column":null}},"2":{"start":{"line":71,"column":56},"end":{"line":76,"column":2}},"3":{"start":{"line":78,"column":57},"end":{"line":83,"column":2}},"4":{"start":{"line":95,"column":50},"end":{"line":141,"column":1}},"5":{"start":{"line":107,"column":21},"end":{"line":107,"column":75}},"6":{"start":{"line":109,"column":24},"end":{"line":120,"column":6}},"7":{"start":{"line":110,"column":4},"end":{"line":119,"column":5}},"8":{"start":{"line":112,"column":8},"end":{"line":112,"column":52}},"9":{"start":{"line":114,"column":8},"end":{"line":114,"column":52}},"10":{"start":{"line":116,"column":8},"end":{"line":116,"column":48}},"11":{"start":{"line":118,"column":8},"end":{"line":118,"column":21}},"12":{"start":{"line":122,"column":21},"end":{"line":122,"column":41}},"13":{"start":{"line":123,"column":21},"end":{"line":123,"column":50}},"14":{"start":{"line":124,"column":24},"end":{"line":124,"column":91}},"15":{"start":{"line":126,"column":2},"end":{"line":140,"column":4}},"16":{"start":{"line":143,"column":0},"end":{"line":143,"column":28}}},"fnMap":{"0":{"name":"(anonymous_0)","decl":{"start":{"line":48,"column":16},"end":{"line":48,"column":19}},"loc":{"start":{"line":49,"column":2},"end":{"line":67,"column":null}}},"1":{"name":"(anonymous_1)","decl":{"start":{"line":95,"column":50},"end":{"line":95,"column":51}},"loc":{"start":{"line":106,"column":5},"end":{"line":141,"column":1}}},"2":{"name":"(anonymous_2)","decl":{"start":{"line":109,"column":25},"end":{"line":109,"column":28}},"loc":{"start":{"line":109,"column":30},"end":{"line":120,"column":3}}}},"branchMap":{"0":{"loc":{"start":{"line":96,"column":2},"end":{"line":96,"column":16}},"type":"default-arg","locations":[{"start":{"line":96,"column":10},"end":{"line":96,"column":16}}]},"1":{"loc":{"start":{"line":101,"column":2},"end":{"line":101,"column":18}},"type":"default-arg","locations":[{"start":{"line":101,"column":13},"end":{"line":101,"column":18}}]},"2":{"loc":{"start":{"line":103,"column":2},"end":{"line":103,"column":19}},"type":"default-arg","locations":[{"start":{"line":103,"column":14},"end":{"line":103,"column":19}}]},"3":{"loc":{"start":{"line":104,"column":2},"end":{"line":104,"column":17}},"type":"default-arg","locations":[{"start":{"line":104,"column":9},"end":{"line":104,"column":17}}]},"4":{"loc":{"start":{"line":105,"column":2},"end":{"line":105,"column":16}},"type":"default-arg","locations":[{"start":{"line":105,"column":14},"end":{"line":105,"column":16}}]},"5":{"loc":{"start":{"line":107,"column":21},"end":{"line":107,"column":75}},"type":"binary-expr","locations":[{"start":{"line":107,"column":21},"end":{"line":107,"column":29}},{"start":{"line":107,"column":33},"end":{"line":107,"column":52}},{"start":{"line":107,"column":56},"end":{"line":107,"column":75}}]},"6":{"loc":{"start":{"line":110,"column":4},"end":{"line":119,"column":5}},"type":"switch","locations":[{"start":{"line":111,"column":6},"end":{"line":112,"column":52}},{"start":{"line":113,"column":6},"end":{"line":114,"column":52}},{"start":{"line":115,"column":6},"end":{"line":116,"column":48}},{"start":{"line":117,"column":6},"end":{"line":118,"column":21}}]},"7":{"loc":{"start":{"line":112,"column":15},"end":{"line":112,"column":51}},"type":"cond-expr","locations":[{"start":{"line":112,"column":15},"end":{"line":112,"column":27}},{"start":{"line":112,"column":31},"end":{"line":112,"column":51}}]},"8":{"loc":{"start":{"line":112,"column":15},"end":{"line":112,"column":31}},"type":"binary-expr","locations":[{"start":{"line":112,"column":15},"end":{"line":112,"column":31}},{"start":{"line":112,"column":15},"end":{"line":112,"column":31}}]},"9":{"loc":{"start":{"line":114,"column":15},"end":{"line":114,"column":51}},"type":"cond-expr","locations":[{"start":{"line":114,"column":15},"end":{"line":114,"column":27}},{"start":{"line":114,"column":31},"end":{"line":114,"column":51}}]},"10":{"loc":{"start":{"line":114,"column":15},"end":{"line":114,"column":31}},"type":"binary-expr","locations":[{"start":{"line":114,"column":15},"end":{"line":114,"column":31}},{"start":{"line":114,"column":15},"end":{"line":114,"column":31}}]},"11":{"loc":{"start":{"line":116,"column":15},"end":{"line":116,"column":47}},"type":"cond-expr","locations":[{"start":{"line":116,"column":15},"end":{"line":116,"column":25}},{"start":{"line":116,"column":29},"end":{"line":116,"column":47}}]},"12":{"loc":{"start":{"line":116,"column":15},"end":{"line":116,"column":29}},"type":"binary-expr","locations":[{"start":{"line":116,"column":15},"end":{"line":116,"column":29}},{"start":{"line":116,"column":15},"end":{"line":116,"column":29}}]},"13":{"loc":{"start":{"line":123,"column":21},"end":{"line":123,"column":50}},"type":"cond-expr","locations":[{"start":{"line":123,"column":33},"end":{"line":123,"column":45}},{"start":{"line":123,"column":48},"end":{"line":123,"column":50}}]},"14":{"loc":{"start":{"line":124,"column":57},"end":{"line":124,"column":89}},"type":"cond-expr","locations":[{"start":{"line":124,"column":69},"end":{"line":124,"column":84}},{"start":{"line":124,"column":87},"end":{"line":124,"column":89}}]},"15":{"loc":{"start":{"line":134,"column":15},"end":{"line":134,"column":74}},"type":"cond-expr","locations":[{"start":{"line":134,"column":55},"end":{"line":134,"column":62}},{"start":{"line":134,"column":65},"end":{"line":134,"column":74}}]},"16":{"loc":{"start":{"line":134,"column":15},"end":{"line":134,"column":52}},"type":"binary-expr","locations":[{"start":{"line":134,"column":15},"end":{"line":134,"column":31}},{"start":{"line":134,"column":35},"end":{"line":134,"column":52}}]},"17":{"loc":{"start":{"line":137,"column":7},"end":{"line":137,"column":41}},"type":"binary-expr","locations":[{"start":{"line":137,"column":7},"end":{"line":137,"column":26}},{"start":{"line":137,"column":30},"end":{"line":137,"column":41}}]}},"s":{"0":1,"1":8,"2":1,"3":1,"4":1,"5":36,"6":36,"7":36,"8":8,"9":6,"10":7,"11":15,"12":36,"13":36,"14":36,"15":36,"16":1},"f":{"0":8,"1":36,"2":36},"b":{"0":[14],"1":[32],"2":[35],"3":[35],"4":[35],"5":[36,32,24],"6":[8,6,7,15],"7":[1,7],"8":[8,8],"9":[1,5],"10":[6,6],"11":[1,6],"12":[7,7],"13":[1,35],"14":[1,35],"15":[22,14],"16":[36,21],"17":[36,8]}}
}
