TN:
SF:frontend/components/forms/SubmitButton.tsx
FN:48,(anonymous_0)
FN:95,(anonymous_1)
FN:109,(anonymous_2)
FNF:3
FNH:3
FNDA:8,(anonymous_0)
FNDA:36,(anonymous_1)
FNDA:36,(anonymous_2)
DA:48,1
DA:49,8
DA:71,1
DA:78,1
DA:95,1
DA:107,36
DA:109,36
DA:110,36
DA:112,8
DA:114,6
DA:116,7
DA:118,15
DA:122,36
DA:123,36
DA:124,36
DA:126,36
DA:143,1
LF:17
LH:17
BRDA:96,0,0,14
BRDA:101,1,0,32
BRDA:103,2,0,35
BRDA:104,3,0,35
BRDA:105,4,0,35
BRDA:107,5,0,36
BRDA:107,5,1,32
BRDA:107,5,2,24
BRDA:110,6,0,8
BRDA:110,6,1,6
BRDA:110,6,2,7
BRDA:110,6,3,15
BRDA:112,7,0,1
BRDA:112,7,1,7
BRDA:112,8,0,8
BRDA:112,8,1,8
BRDA:114,9,0,1
BRDA:114,9,1,5
BRDA:114,10,0,6
BRDA:114,10,1,6
BRDA:116,11,0,1
BRDA:116,11,1,6
BRDA:116,12,0,7
BRDA:116,12,1,7
BRDA:123,13,0,1
BRDA:123,13,1,35
BRDA:124,14,0,1
BRDA:124,14,1,35
BRDA:134,15,0,22
BRDA:134,15,1,14
BRDA:134,16,0,36
BRDA:134,16,1,21
BRDA:137,17,0,36
BRDA:137,17,1,8
BRF:34
BRH:34
end_of_record
